2024/08/27 01:45:46 Starting server...
2024/08/27 01:46:03 Sending title event: data: {"event": "title", "title": "\"Mastering Markdown: Tips & Tricks\""}

2024/08/27 01:48:50 Starting server...
2024/08/27 01:49:17 Sending title event: data: {"event": "title", "title": "\"Markdown Magic: Formatting 101\""}

2024/08/27 01:57:35 Starting server...
2024/08/27 01:57:51 Sending title event: data: {"event": "title", "title": "\"Markdown Magic: Start Your Chat!\""}

2024/08/27 01:58:36 Sending title event: data: {"event": "title", "title": "\"Learn German Alphabet in 5 Minutes!\""}

2024/08/27 02:12:16 Sending title event: data: {"event": "title", "title": "\"Mastering Chinese Pinyin in Minutes!\""}

2024/08/27 02:21:31 Starting server...
2024/08/27 02:29:25 Starting server...
2024/08/27 02:35:06 Starting server...
2024/08/27 02:42:54 Starting server...
2024/08/27 02:46:27 Starting server...
2024/08/27 02:56:38 Starting server...
2024/08/27 03:01:40 Starting server...
2024/08/27 12:10:04 Starting server...
2024/08/27 12:17:38 Starting server...
2024/08/27 12:21:55 Starting server...
2024/08/27 12:51:19 Starting server...
2024/08/27 13:08:13 Starting server...
2024/08/27 13:14:52 Starting server...
2024/08/27 16:04:11 Starting server...
2024/08/27 16:14:10 Starting server...
2024/08/27 16:14:19 Starting server...
2024/08/27 16:21:10 Starting server...
2024/08/27 16:28:36 Starting server...
2024/08/27 19:05:15 Starting server...
2024/08/27 19:08:01 Starting server...
2024/08/27 19:17:40 Starting server...
2024/08/27 19:20:38 Starting server...
2024/08/27 19:25:07 Starting server...
2024/08/27 19:30:01 Starting server...
2024/08/27 19:34:30 Starting server...
2024/08/27 19:39:40 Starting server...
2024/08/27 19:39:51 Starting server...
2024/08/27 19:45:19 Starting server...
2024/08/27 19:50:22 Starting server...
2024/08/27 19:50:35 Starting server...
2024/08/27 20:20:23 Starting server...
2024/08/27 20:20:38 Starting server...
2024/08/27 22:56:34 Starting server...
2024/08/27 23:13:34 Starting server...
2024/08/27 23:22:15 Starting server...
2024/08/27 23:26:34 Starting server...
